2024-02-13 16:15:00 [main] INFO  : Starting DigitalWalletApplication using Java 21.0.2 with PID 7284 (D:\Venug\Digital_Wallet_System\target\classes started by gokul.s in D:\Venug\Digital_Wallet_System)
2024-02-13 16:15:00 [main] INFO  : No active profile set, falling back to 1 default profile: "default"
2024-02-13 16:15:01 [main] INFO  : Multiple Spring Data modules found, entering strict repository configuration mode
2024-02-13 16:15:01 [main] INFO  : Bootstrapping Spring Data JDBC repositories in DEFAULT mode.
2024-02-13 16:15:01 [main] INFO  : Spring Data JDBC - Could not safely identify store assignment for repository candidate interface com.project.DigitalWallet.repo.PasswordRepository; If you want this repository to be a JDBC repository, consider annotating your entities with one of these annotations: org.springframework.data.relational.core.mapping.Table.
2024-02-13 16:15:01 [main] INFO  : Spring Data JDBC - Could not safely identify store assignment for repository candidate interface com.project.DigitalWallet.repo.transactionRepository; If you want this repository to be a JDBC repository, consider annotating your entities with one of these annotations: org.springframework.data.relational.core.mapping.Table.
2024-02-13 16:15:01 [main] INFO  : Spring Data JDBC - Could not safely identify store assignment for repository candidate interface com.project.DigitalWallet.repo.walletRepository; If you want this repository to be a JDBC repository, consider annotating your entities with one of these annotations: org.springframework.data.relational.core.mapping.Table.
2024-02-13 16:15:01 [main] INFO  : Finished Spring Data repository scanning in 44 ms. Found 0 JDBC repository interfaces.
2024-02-13 16:15:01 [main] INFO  : Multiple Spring Data modules found, entering strict repository configuration mode
2024-02-13 16:15:01 [main] INFO  : Bootstrapping Spring Data JPA repositories in DEFAULT mode.
2024-02-13 16:15:01 [main] INFO  : Finished Spring Data repository scanning in 28 ms. Found 3 JPA repository interfaces.
2024-02-13 16:15:02 [main] INFO  : Tomcat initialized with port 8080 (http)
2024-02-13 16:15:02 [main] INFO  : Initializing ProtocolHandler ["http-nio-8080"]
2024-02-13 16:15:02 [main] INFO  : Starting service [Tomcat]
2024-02-13 16:15:02 [main] INFO  : Starting Servlet engine: [Apache Tomcat/10.1.18]
2024-02-13 16:15:02 [main] INFO  : Initializing Spring embedded WebApplicationContext
2024-02-13 16:15:02 [main] INFO  : Root WebApplicationContext: initialization completed in 1992 ms
2024-02-13 16:15:02 [main] INFO  : HikariPool-1 - Starting...
2024-02-13 16:15:02 [main] INFO  : HikariPool-1 - Added connection conn0: url=jdbc:h2:mem:testdb user=SA
2024-02-13 16:15:02 [main] INFO  : HikariPool-1 - Start completed.
2024-02-13 16:15:02 [main] INFO  : H2 console available at '/h2-ui'. Database available at 'jdbc:h2:mem:testdb'
2024-02-13 16:15:02 [main] INFO  : HHH000204: Processing PersistenceUnitInfo [name: default]
2024-02-13 16:15:02 [main] INFO  : HHH000412: Hibernate ORM core version 6.4.1.Final
2024-02-13 16:15:02 [main] INFO  : HHH000026: Second-level cache disabled
2024-02-13 16:15:03 [main] INFO  : No LoadTimeWeaver setup: ignoring JPA class transformer
2024-02-13 16:15:03 [main] WARN  : HHH90000025: H2Dialect does not need to be specified explicitly using 'hibernate.dialect' (remove the property setting and it will be selected by default)
2024-02-13 16:15:04 [main] INFO  : HHH000489: No JTA platform available (set 'hibernate.transaction.jta.platform' to enable JTA platform integration)
2024-02-13 16:15:04 [main] INFO  : Initialized JPA EntityManagerFactory for persistence unit 'default'
2024-02-13 16:15:05 [main] WARN  : spring.jpa.open-in-view is enabled by default. Therefore, database queries may be performed during view rendering. Explicitly configure spring.jpa.open-in-view to disable this warning
2024-02-13 16:15:05 [main] INFO  : Will secure any request with [org.springframework.security.web.session.DisableEncodeUrlFilter@79c4454, org.springframework.security.web.context.request.async.WebAsyncManagerIntegrationFilter@50f5ce5b, org.springframework.security.web.context.SecurityContextHolderFilter@c2ddfeb, org.springframework.web.filter.CorsFilter@31aee6d9, org.springframework.security.web.authentication.logout.LogoutFilter@11ec699, org.springframework.security.web.authentication.www.BasicAuthenticationFilter@147ea894, org.springframework.security.web.savedrequest.RequestCacheAwareFilter@7695184b, org.springframework.security.web.servletapi.SecurityContextHolderAwareRequestFilter@29390110, org.springframework.security.web.authentication.AnonymousAuthenticationFilter@7f0b2bf1, org.springframework.security.web.access.ExceptionTranslationFilter@6e2e11ee, org.springframework.security.web.access.intercept.AuthorizationFilter@64dcfd09]
2024-02-13 16:15:05 [main] INFO  : Starting ProtocolHandler ["http-nio-8080"]
2024-02-13 16:15:06 [main] INFO  : Tomcat started on port 8080 (http) with context path ''
2024-02-13 16:15:06 [main] INFO  : Started DigitalWalletApplication in 6.364 seconds (process running for 7.37)
2024-02-13 16:15:08 [http-nio-8080-exec-2] INFO  : Initializing Spring DispatcherServlet 'dispatcherServlet'
2024-02-13 16:15:08 [http-nio-8080-exec-2] INFO  : Initializing Servlet 'dispatcherServlet'
2024-02-13 16:15:08 [http-nio-8080-exec-2] INFO  : Completed initialization in 2 ms
2024-02-13 16:15:08 [http-nio-8080-exec-2] DEBUG : Securing GET /digitalWalletSystem/v1/fetchExternalWallet
2024-02-13 16:15:08 [http-nio-8080-exec-2] DEBUG : Authenticated user
2024-02-13 16:15:08 [http-nio-8080-exec-2] DEBUG : Set SecurityContextHolder to UsernamePasswordAuthenticationToken [Principal=org.springframework.security.core.userdetails.User [Username=Venu7377, Password=[PROTECTED], Enabled=true, AccountNonExpired=true, CredentialsNonExpired=true, AccountNonLocked=true, Granted Authorities=[ROLE_User]], Credentials=[PROTECTED], Authenticated=true, Details=WebAuthenticationDetails [RemoteIpAddress=0:0:0:0:0:0:0:1, SessionId=null], Granted Authorities=[ROLE_User]]
2024-02-13 16:15:08 [http-nio-8080-exec-2] DEBUG : Secured GET /digitalWalletSystem/v1/fetchExternalWallet
2024-02-13 16:16:56 [SpringApplicationShutdownHook] INFO  : Closing JPA EntityManagerFactory for persistence unit 'default'
2024-02-13 16:16:56 [SpringApplicationShutdownHook] INFO  : HikariPool-1 - Shutdown initiated...
2024-02-13 16:16:56 [SpringApplicationShutdownHook] INFO  : HikariPool-1 - Shutdown completed.
